#
# A fatal error has been detected by the Java Runtime Environment:
#
#  EXCEPTION_ACCESS_VIOLATION (0xc0000005) at pc=0x00000000577ea0a5, pid=28888, tid=0x0000000000001cd8
#
# JRE version: Java(TM) SE Runtime Environment (8.0_101-b13) (build 1.8.0_101-b13)
# Java VM: Java HotSpot(TM) 64-Bit Server VM (25.101-b13 mixed mode windows-amd64 compressed oops)
# Problematic frame:
# V  [jvm.dll+0x12a0a5]
#
# Failed to write core dump. Minidumps are not enabled by default on client versions of Windows
#
# If you would like to submit a bug report, please visit:
#   http://bugreport.java.com/bugreport/crash.jsp
#

---------------  T H R E A D  ---------------

Current thread (0x0000000018c4a800):  JavaThread "JDWP Transport Listener: dt_socket" daemon [_thread_in_vm, id=7384, stack(0x000000001a840000,0x000000001a940000)]

siginfo: ExceptionCode=0xc0000005, reading address 0xffffffffffffffff

Registers:
RAX=0x000000001a93f601, RBX=0x0000000018c4a800, RCX=0x3b6e6f003b726f72, RDX=0x0000000000000000
RSP=0x000000001a93f670, RBP=0x3b6e6f003b726f72, RSI=0x000000001a93f788, RDI=0x0000000004ec8d90
R8 =0x0000000018c4a800, R9 =0x0000000000008000, R10=0x000000001a0e0670, R11=0x000000001a93f974
R12=0x0000000000000000, R13=0x0000000018c3ff48, R14=0x0000000000000000, R15=0x0000000000000000
RIP=0x00000000577ea0a5, EFLAGS=0x0000000000010206

Top of Stack: (sp=0x000000001a93f670)
0x000000001a93f670:   0000000018c4a800 0000000018c4a800
0x000000001a93f680:   000000001a93f738 00000000579f2f0b
0x000000001a93f690:   0000000018c4a800 0000000057a0f76d
0x000000001a93f6a0:   0000000000000000 0000000059469155
0x000000001a93f6b0:   0000000018c233a8 000000005947291e
0x000000001a93f6c0:   0000000018c4a800 0000000000000000
0x000000001a93f6d0:   0000000000000000 0000000000000000
0x000000001a93f6e0:   3b6e6f003b726f72 0000000059471a15
0x000000001a93f6f0:   000000001a93f788 000000001a93f760
0x000000001a93f700:   0000000000000001 0000000018c233a8
0x000000001a93f710:   3b6e6f003b726f72 00000000594553b3
0x000000001a93f720:   000000001a93f850 0000000000000001
0x000000001a93f730:   0000000000000001 0000000018c233a8
0x000000001a93f740:   0000000000000009 0000000000000000
0x000000001a93f750:   0000000000000000 0000000000000000
0x000000001a93f760:   0000000000000001 0000000059455571 

Instructions: (pc=0x00000000577ea0a5)
0x00000000577ea085:   cc cc cc cc cc cc cc cc cc cc cc 48 83 ec 28 48
0x00000000577ea095:   85 c9 75 07 33 c0 48 83 c4 28 c3 48 89 5c 24 20
0x00000000577ea0a5:   48 8b 19 48 85 db 74 20 48 83 fb 37 74 1a 48 8b
0x00000000577ea0b5:   13 48 8b cb ff 52 10 84 c0 74 0d 48 8b c3 48 8b 


Register to memory mapping:

RAX=0x000000001a93f601 is pointing into the stack for thread: 0x0000000018c4a800
RBX=0x0000000018c4a800 is a thread
RCX=0x3b6e6f003b726f72 is an unknown value
RDX=0x0000000000000000 is an unknown value
RSP=0x000000001a93f670 is pointing into the stack for thread: 0x0000000018c4a800
RBP=0x3b6e6f003b726f72 is an unknown value
RSI=0x000000001a93f788 is pointing into the stack for thread: 0x0000000018c4a800
RDI=0x0000000004ec8d90 is an unknown value
R8 =0x0000000018c4a800 is a thread
R9 =0x0000000000008000 is an unknown value
R10=0x000000001a0e0670 is an unknown value
R11=0x000000001a93f974 is pointing into the stack for thread: 0x0000000018c4a800
R12=0x0000000000000000 is an unknown value
R13=0x0000000018c3ff48 is an unknown value
R14=0x0000000000000000 is an unknown value
R15=0x0000000000000000 is an unknown value


Stack: [0x000000001a840000,0x000000001a940000],  sp=0x000000001a93f670,  free space=1021k
Native frames: (J=compiled Java code, j=interpreted, Vv=VM code, C=native code)
V  [jvm.dll+0x12a0a5]
V  [jvm.dll+0x34f76d]
C  [jdwp.dll+0x21a15]
C  [jdwp.dll+0x53b3]
C  [jdwp.dll+0x5571]
C  [jdwp.dll+0xf0a8]
C  [jdwp.dll+0x1f2d5]
C  [jdwp.dll+0x1f4aa]
V  [jvm.dll+0x1bd258]
V  [jvm.dll+0x2451a4]
V  [jvm.dll+0x29c18a]
C  [msvcr100.dll+0x21d9f]
C  [msvcr100.dll+0x21e3b]
C  [KERNEL32.DLL+0x11fe4]
C  [ntdll.dll+0x6f061]


---------------  P R O C E S S  ---------------

Java Threads: ( => current thread )
  0x000000001a10e800 JavaThread "Service Thread" daemon [_thread_blocked, id=32600, stack(0x000000001ae40000,0x000000001af40000)]
  0x000000001a107800 JavaThread "C1 CompilerThread2" daemon [_thread_blocked, id=14308, stack(0x000000001ad40000,0x000000001ae40000)]
  0x000000001a0f5000 JavaThread "C2 CompilerThread1" daemon [_thread_blocked, id=25808, stack(0x000000001ac40000,0x000000001ad40000)]
  0x0000000018c5e000 JavaThread "C2 CompilerThread0" daemon [_thread_blocked, id=8028, stack(0x000000001ab40000,0x000000001ac40000)]
  0x0000000018c50800 JavaThread "JDWP Command Reader" daemon [_thread_in_native, id=12040, stack(0x000000001aa40000,0x000000001ab40000)]
  0x0000000018c4f000 JavaThread "JDWP Event Helper Thread" daemon [_thread_blocked, id=14956, stack(0x000000001a940000,0x000000001aa40000)]
=>0x0000000018c4a800 JavaThread "JDWP Transport Listener: dt_socket" daemon [_thread_in_vm, id=7384, stack(0x000000001a840000,0x000000001a940000)]
  0x000000001a0c3000 JavaThread "Attach Listener" daemon [_thread_blocked, id=29992, stack(0x000000001a580000,0x000000001a680000)]
  0x000000001a0c2800 JavaThread "Signal Dispatcher" daemon [_thread_blocked, id=5356, stack(0x000000001a480000,0x000000001a580000)]
  0x000000000535b000 JavaThread "Finalizer" daemon [_thread_blocked, id=10456, stack(0x0000000019e80000,0x0000000019f80000)]
  0x0000000005350000 JavaThread "Reference Handler" daemon [_thread_blocked, id=14996, stack(0x0000000019d80000,0x0000000019e80000)]
  0x0000000005262800 JavaThread "main" [_thread_blocked, id=24492, stack(0x0000000004d40000,0x0000000004e40000)]

Other Threads:
  0x0000000018be8000 VMThread [stack: 0x0000000019c80000,0x0000000019d80000] [id=7336]
  0x000000001a153800 WatcherThread [stack: 0x000000001af40000,0x000000001b040000] [id=31916]

VM state:not at safepoint (normal execution)

VM Mutex/Monitor currently owned by a thread: None

Heap:
 PSYoungGen      total 28672K, used 1968K [0x00000000e0700000, 0x00000000e2700000, 0x0000000100000000)
  eden space 24576K, 8% used [0x00000000e0700000,0x00000000e08ec338,0x00000000e1f00000)
  from space 4096K, 0% used [0x00000000e2300000,0x00000000e2300000,0x00000000e2700000)
  to   space 4096K, 0% used [0x00000000e1f00000,0x00000000e1f00000,0x00000000e2300000)
 ParOldGen       total 65536K, used 0K [0x00000000a1400000, 0x00000000a5400000, 0x00000000e0700000)
  object space 65536K, 0% used [0x00000000a1400000,0x00000000a1400000,0x00000000a5400000)
 Metaspace       used 2976K, capacity 4564K, committed 4864K, reserved 1056768K
  class space    used 329K, capacity 388K, committed 512K, reserved 1048576K

Card table byte_map: [0x0000000014720000,0x0000000014a20000] byte_map_base: 0x0000000014216000

Marking Bits: (ParMarkBitMap*) 0x0000000057eda6d0
 Begin Bits: [0x0000000015020000, 0x00000000167d0000)
 End Bits:   [0x00000000167d0000, 0x0000000017f80000)

Polling page: 0x0000000003180000

CodeCache: size=245760Kb used=1107Kb max_used=1107Kb free=244652Kb
 bounds [0x0000000005360000, 0x00000000055d0000, 0x0000000014360000]
 total_blobs=260 nmethods=29 adapters=153
 compilation: enabled

Compilation events (10 events):
Event: 0.416 Thread 0x000000001a107800   25  s    3       java.lang.StringBuffer::append (13 bytes)
Event: 0.417 Thread 0x000000001a107800 nmethod 25 0x0000000005471ad0 code [0x0000000005471c60, 0x0000000005472168]
Event: 0.418 Thread 0x000000001a107800   26       3       java.lang.String::getChars (62 bytes)
Event: 0.418 Thread 0x000000001a107800 nmethod 26 0x00000000054723d0 code [0x00000000054725a0, 0x0000000005472a58]
Event: 0.421 Thread 0x000000001a107800   27       3       java.lang.System::getSecurityManager (4 bytes)
Event: 0.421 Thread 0x000000001a107800 nmethod 27 0x0000000005473110 code [0x0000000005473260, 0x0000000005473390]
Event: 0.430 Thread 0x000000001a107800   28       3       java.lang.AbstractStringBuilder::append (50 bytes)
Event: 0.431 Thread 0x000000001a107800 nmethod 28 0x0000000005473c10 code [0x0000000005473da0, 0x00000000054742a8]
Event: 0.434 Thread 0x000000001a107800   29       3       java.lang.StringBuilder::append (8 bytes)
Event: 0.434 Thread 0x000000001a107800 nmethod 29 0x0000000005474490 code [0x0000000005474600, 0x00000000054747a8]

GC Heap History (0 events):
No events

Deoptimization events (0 events):
No events

Internal exceptions (3 events):
Event: 0.166 Thread 0x0000000005262800 Exception <a 'java/lang/NoSuchMethodError': Method sun.misc.Unsafe.defineClass(Ljava/lang/String;[BII)Ljava/lang/Class; name or signature does not match> (0x00000000e0707cc0) thrown at [C:\re\workspace\8-2-build-windows-amd64-cygwin\jdk8u101\7261\hotspot\s´A¶QÅ?
Event: 0.167 Thread 0x0000000005262800 Exception <a 'java/lang/NoSuchMethodError': Method sun.misc.Unsafe.prefetchRead(Ljava/lang/Object;J)V name or signature does not match> (0x00000000e0707fa8) thrown at [C:\re\workspace\8-2-build-windows-amd64-cygwin\jdk8u101\7261\hotspot\src\share\vm\prims\Ã)¿2;@
Event: 7.504 Thread 0x0000000005262800 Exception <a 'java/lang/NullPointerException'> (0x00000000e07d2b58) thrown at [C:\re\workspace\8-2-build-windows-amd64-cygwin\jdk8u101\7261\hotspot\src\share\vm\interpreter\linkResolver.cpp, line 1178]

Events (10 events):
Event: 270.646 Executing VM operation: EnterInterpOnlyMode
Event: 270.646 Executing VM operation: EnterInterpOnlyMode done
Event: 270.647 Executing VM operation: GetCurrentLocation
Event: 270.647 Executing VM operation: GetCurrentLocation done
Event: 270.647 Executing VM operation: ChangeSingleStep
Event: 270.647 Executing VM operation: ChangeSingleStep done
Event: 270.649 Executing VM operation: ChangeSingleStep
Event: 270.649 Executing VM operation: ChangeSingleStep done
Event: 303.784 Executing VM operation: RedefineClasses
Event: 303.784 Executing VM operation: RedefineClasses done


Dynamic libraries:
0x00007ff698d50000 - 0x00007ff698d87000 	C:\Program Files\Java\jre1.8.0_101\bin\javaw.exe
0x00007ff84ebf0000 - 0x00007ff84edd0000 	C:\WINDOWS\SYSTEM32\ntdll.dll
0x00007ff84ca00000 - 0x00007ff84caae000 	C:\WINDOWS\System32\KERNEL32.DLL
0x00007ff84b490000 - 0x00007ff84b6f6000 	C:\WINDOWS\System32\KERNELBASE.dll
0x00007ff84d280000 - 0x00007ff84d321000 	C:\WINDOWS\System32\ADVAPI32.dll
0x00007ff84cab0000 - 0x00007ff84cb4d000 	C:\WINDOWS\System32\msvcrt.dll
0x00007ff84cbc0000 - 0x00007ff84cc1b000 	C:\WINDOWS\System32\sechost.dll
0x00007ff84c760000 - 0x00007ff84c87f000 	C:\WINDOWS\System32\RPCRT4.dll
0x00007ff84e7d0000 - 0x00007ff84e95f000 	C:\WINDOWS\System32\USER32.dll
0x00007ff84b700000 - 0x00007ff84b720000 	C:\WINDOWS\System32\win32u.dll
0x00007ff84c880000 - 0x00007ff84c8a8000 	C:\WINDOWS\System32\GDI32.dll
0x00007ff84b7d0000 - 0x00007ff84b963000 	C:\WINDOWS\System32\gdi32full.dll
0x00007ff84aff0000 - 0x00007ff84b08b000 	C:\WINDOWS\System32\msvcp_win.dll
0x00007ff84b090000 - 0x00007ff84b186000 	C:\WINDOWS\System32\ucrtbase.dll
0x00007ff83dfd0000 - 0x00007ff83e239000 	C:\WINDOWS\WinSxS\amd64_microsoft.windows.common-controls_6595b64144ccf1df_6.0.16299.431_none_15c7d3ee93659e73\COMCTL32.dll
0x00007ff84cc20000 - 0x00007ff84cf28000 	C:\WINDOWS\System32\combase.dll
0x00007ff84b410000 - 0x00007ff84b482000 	C:\WINDOWS\System32\bcryptPrimitives.dll
0x00007ff84d1a0000 - 0x00007ff84d1cd000 	C:\WINDOWS\System32\IMM32.DLL
0x0000000057500000 - 0x00000000575d2000 	C:\Program Files\Java\jre1.8.0_101\bin\msvcr100.dll
0x00000000576c0000 - 0x0000000057f5a000 	C:\Program Files\Java\jre1.8.0_101\bin\server\jvm.dll
0x00007ff84e960000 - 0x00007ff84e968000 	C:\WINDOWS\System32\PSAPI.DLL
0x00007ff8411b0000 - 0x00007ff8411b9000 	C:\WINDOWS\SYSTEM32\WSOCK32.dll
0x00007ff84cb50000 - 0x00007ff84cbbc000 	C:\WINDOWS\System32\WS2_32.dll
0x00007ff8414a0000 - 0x00007ff8414c3000 	C:\WINDOWS\SYSTEM32\WINMM.dll
0x00007ff841ca0000 - 0x00007ff841caa000 	C:\WINDOWS\SYSTEM32\VERSION.dll
0x00007ff841470000 - 0x00007ff84149a000 	C:\WINDOWS\SYSTEM32\WINMMBASE.dll
0x00007ff84b190000 - 0x00007ff84b1da000 	C:\WINDOWS\System32\cfgmgr32.dll
0x0000000059c00000 - 0x0000000059c0f000 	C:\Program Files\Java\jre1.8.0_101\bin\verify.dll
0x00000000599e0000 - 0x0000000059a09000 	C:\Program Files\Java\jre1.8.0_101\bin\java.dll
0x0000000059450000 - 0x0000000059485000 	C:\Program Files\Java\jre1.8.0_101\bin\jdwp.dll
0x0000000059440000 - 0x0000000059448000 	C:\Program Files\Java\jre1.8.0_101\bin\npt.dll
0x00000000599c0000 - 0x00000000599d6000 	C:\Program Files\Java\jre1.8.0_101\bin\zip.dll
0x00007ff84d330000 - 0x00007ff84e768000 	C:\WINDOWS\System32\SHELL32.dll
0x00007ff84d1d0000 - 0x00007ff84d276000 	C:\WINDOWS\System32\shcore.dll
0x00007ff84b970000 - 0x00007ff84c0b7000 	C:\WINDOWS\System32\windows.storage.dll
0x00007ff84e770000 - 0x00007ff84e7c1000 	C:\WINDOWS\System32\shlwapi.dll
0x00007ff84af40000 - 0x00007ff84af51000 	C:\WINDOWS\System32\kernel.appcore.dll
0x00007ff84afa0000 - 0x00007ff84afec000 	C:\WINDOWS\System32\powrprof.dll
0x00007ff84af60000 - 0x00007ff84af7b000 	C:\WINDOWS\System32\profapi.dll
0x0000000059430000 - 0x0000000059439000 	C:\Program Files\Java\jre1.8.0_101\bin\dt_socket.dll
0x00007ff83f4a0000 - 0x00007ff83f4b6000 	C:\WINDOWS\system32\napinsp.dll
0x00007ff83f2c0000 - 0x00007ff83f2da000 	C:\WINDOWS\system32\pnrpnsp.dll
0x00007ff845c50000 - 0x00007ff845c68000 	C:\WINDOWS\system32\NLAapi.dll
0x00007ff84a7d0000 - 0x00007ff84a836000 	C:\WINDOWS\System32\mswsock.dll
0x00007ff84a5a0000 - 0x00007ff84a656000 	C:\WINDOWS\SYSTEM32\DNSAPI.dll
0x00007ff84c0c0000 - 0x00007ff84c0c8000 	C:\WINDOWS\System32\NSI.dll
0x00007ff84a560000 - 0x00007ff84a599000 	C:\WINDOWS\SYSTEM32\IPHLPAPI.DLL
0x00007ff83f2b0000 - 0x00007ff83f2be000 	C:\WINDOWS\System32\winrnr.dll
0x00007ff83de30000 - 0x00007ff83de45000 	C:\WINDOWS\System32\wshbth.dll
0x00000000593c0000 - 0x00000000593e6000 	C:\Program Files\Bonjour\mdnsNSP.dll
0x00007ff845260000 - 0x00007ff8452d0000 	C:\WINDOWS\System32\fwpuclnt.dll
0x00007ff84aaa0000 - 0x00007ff84aac5000 	C:\WINDOWS\SYSTEM32\bcrypt.dll
0x00007ff844af0000 - 0x00007ff844afa000 	C:\Windows\System32\rasadhlp.dll
0x00000000599a0000 - 0x00000000599ba000 	C:\Program Files\Java\jre1.8.0_101\bin\net.dll
0x00007ff844580000 - 0x00007ff844748000 	C:\WINDOWS\SYSTEM32\dbghelp.dll

VM Arguments:
jvm_args: -agentlib:jdwp=transport=dt_socket,suspend=y,address=localhost:50661 -Dfile.encoding=UTF-8 
java_command: socket.SocketHelper
java_class_path (initial): C:\Users\jack\eclipse-workspace\HttpDemo\target\classes;D:\Maven\repo\commons-httpclient\commons-httpclient\3.1\commons-httpclient-3.1.jar;D:\Maven\repo\commons-logging\commons-logging\1.0.4\commons-logging-1.0.4.jar;D:\Maven\repo\commons-codec\commons-codec\1.2\commons-codec-1.2.jar
Launcher Type: SUN_STANDARD

Environment Variables:
JAVA_HOME=E:\yongyouFile\ABItestNEW\ufjdk
CLASSPATH=.;E:\yongyouFile\wisdom\IDE\Eclipse_Web\JDK\jdk1.7.0_79\lib\dt.jar;E:\yongyouFile\wisdom\IDE\Eclipse_Web\JDK\jdk1.7.0_79\lib\tools.jar
PATH=C:/Program Files/Java/jre1.8.0_101/bin/server;C:/Program Files/Java/jre1.8.0_101/bin;C:/Program Files/Java/jre1.8.0_101/lib/amd64;E:\app\jack\product\11.2.0\dbhome_1\bin;C:\Program Files\Python36\Scripts\;C:\Program Files\Python36\;C:\Program Files\Microsoft MPI\Bin\;E:\yongyouFile\wisdom\IDE\Eclipse_Web\JDK\jdk1.7.0_79\bin;E:\yongyouFile\wisdom\IDE\Eclipse_Web\JDK\jdk1.7.0_79\jre\bin;C:\Program Files\Microsoft SQL Server\Client SDK\ODBC\130\Tools\Binn\;C:\Program Files (x86)\Microsoft SQL Server\130\Tools\Binn\;C:\Program Files\Microsoft SQL Server\130\Tools\Binn\;C:\Program Files\Microsoft SQL Server\130\DTS\Binn\;C:\Program Files (x86)\Microsoft SQL Server\130\DTS\Binn\;C:\Program Files (x86)\Microsoft SQL Server\Client SDK\ODBC\130\Tools\Binn\;C:\Program Files (x86)\Microsoft SQL Server\130\Tools\Binn\ManagementStudio\;C:\Program Files (x86)\AMD\ATI.ACE\Core-Static;C:\Android\tools;C:\Android\platform-tools;C:\windows\system32;D:\MySQL\mysql-5.7.20-winx64\bin;C:\WINDOWS\system32;C:\WINDOWS;C:\WINDOWS\System32\Wbem;C:\WINDOWS\System32\WindowsPowerShell\v1.0\;E:\yongyouFile\wisdom\IDE\Eclipse_Web\tomcat\apache-tomcat-8.0.39;E:\yongyouFile\ABItestNEW\ufjdk;D:\Maven\apache-maven-3.5.3\bin;D:\SVN\bin;C:\Users\jack\AppData\Local\Microsoft\WindowsApps;C:\Users\jack\AppData\Local\GitHubDesktop\bin;D:\Eclipse for EE\eclipse;
USERNAME=jack
OS=Windows_NT
PROCESSOR_IDENTIFIER=Intel64 Family 6 Model 61 Stepping 4, GenuineIntel



---------------  S Y S T E M  ---------------

OS: Windows 10.0 , 64 bit Build 16299 (10.0.16299.431)

CPU:total 4 (2 cores per cpu, 2 threads per core) family 6 model 61 stepping 4, cmov, cx8, fxsr, mmx, sse, sse2, sse3, ssse3, sse4.1, sse4.2, popcnt, avx, avx2, aes, clmul, erms, 3dnowpref, lzcnt, ht, tsc, tscinvbit, bmi1, bmi2, adx

Memory: 4k page, physical 6203856k(1039304k free), swap 13734008k(2456868k free)

vm_info: Java HotSpot(TM) 64-Bit Server VM (25.101-b13) for windows-amd64 JRE (1.8.0_101-b13), built on Jun 22 2016 01:21:29 by "java_re" with MS VC++ 10.0 (VS2010)

time: Wed May 30 13:14:33 2018
elapsed time: 303 seconds (0d 0h 5m 3s)

